Using pre-set license
Built from '2020.3/staging' branch; Version is '2020.3.6f1 (338bb68529b2) revision 3378102'; Using compiler version '192528614'; Build Type 'Release'
OS: 'Windows 10 Pro; OS build 18363.778; Version 1909; 64bit' Language: 'en' Physical Memory: 16235 MB
BatchMode: 1, IsHumanControllingUs: 0, StartBugReporterOnCrash: 0, Is64bit: 1, IsPro: 0

 COMMAND LINE ARGUMENTS:
C:\Program Files\Unity\Hub\Editor\2020.3.6f1\Editor\Unity.exe
-adb2
-batchMode
-noUpm
-name
AssetImportWorker0
-projectPath
D:/unityprojects/GuardianGuards/GuadiansGuards
-logFile
Logs/AssetImportWorker0.log
-srvPort
58635
Successfully changed project path to: D:/unityprojects/GuardianGuards/GuadiansGuards
D:/unityprojects/GuardianGuards/GuadiansGuards
Using Asset Import Pipeline V2.
Refreshing native plugins compatible for Editor in 21.80 ms, found 0 plugins.
Preloading 0 native plugins for Editor in 0.00 ms.
Initialize engine version: 2020.3.6f1 (338bb68529b2)
[Subsystems] Discovering subsystems at path C:/Program Files/Unity/Hub/Editor/2020.3.6f1/Editor/Data/Resources/UnitySubsystems
[Subsystems] Discovering subsystems at path D:/unityprojects/GuardianGuards/GuadiansGuards/Assets
GfxDevice: creating device client; threaded=0
Direct3D:
    Version:  Direct3D 11.0 [level 11.1]
    Renderer: NVIDIA GeForce GTX 1650 (ID=0x1f91)
    Vendor:   
    VRAM:     3962 MB
    Driver:   27.21.14.6109
Initialize mono
Mono path[0] = 'C:/Program Files/Unity/Hub/Editor/2020.3.6f1/Editor/Data/Managed'
Mono path[1] = 'C:/Program Files/Unity/Hub/Editor/2020.3.6f1/Editor/Data/MonoBleedingEdge/lib/mono/unityjit'
Mono config path = 'C:/Program Files/Unity/Hub/Editor/2020.3.6f1/Editor/Data/MonoBleedingEdge/etc'
Using monoOptions --debugger-agent=transport=dt_socket,embedding=1,server=y,suspend=n,address=127.0.0.1:56260
Begin MonoManager ReloadAssembly
Registering precompiled unity dll's ...
Register platform support module: C:/Program Files/Unity/Hub/Editor/2020.3.6f1/Editor/Data/PlaybackEngines/WindowsStandaloneSupport/UnityEditor.WindowsStandalone.Extensions.dll
Registered in 0.001670 seconds.
Native extension for WindowsStandalone target not found
Refreshing native plugins compatible for Editor in 24.33 ms, found 0 plugins.
Preloading 0 native plugins for Editor in 0.00 ms.
Mono: successfully reloaded assembly
- Completed reload, in  1.711 seconds
Platform modules already initialized, skipping
Registering precompiled user dll's ...
Registered in 0.000434 seconds.
Begin MonoManager ReloadAssembly
Native extension for WindowsStandalone target not found
Refreshing native plugins compatible for Editor in 0.19 ms, found 0 plugins.
Preloading 0 native plugins for Editor in 0.00 ms.
Mono: successfully reloaded assembly
- Completed reload, in  0.791 seconds
Platform modules already initialized, skipping
========================================================================
Worker process is ready to serve import requests
Launched and connected shader compiler UnityShaderCompiler.exe after 0.05 seconds
Refreshing native plugins compatible for Editor in 0.19 ms, found 0 plugins.
Preloading 0 native plugins for Editor in 0.00 ms.
Unloading 1127 Unused Serialized files (Serialized files now loaded: 0)
System memory in use before: 77.3 MB.
System memory in use after: 77.4 MB.

Unloading 9 unused Assets to reduce memory usage. Loaded Objects now: 1593.
Total: 1.532100 ms (FindLiveObjects: 0.124300 ms CreateObjectMapping: 0.031700 ms MarkObjects: 1.296500 ms  DeleteObjects: 0.078900 ms)

========================================================================
Received Import Request.
  path: Assets/prefabs/asteroid big.prefab
  artifactKey: Guid(9d736fc6466983a43b28a458a9ebedec) Importer(815301076,1909f56bfc062723c751e8b465ee728b)
Start importing Assets/prefabs/asteroid big.prefab using Guid(9d736fc6466983a43b28a458a9ebedec) Importer(815301076,1909f56bfc062723c751e8b465ee728b)  -> (artifact id: '1034fc44f6dfbc325cf827b7175beeeb') in 0.121212 seconds
  Import took 0.123124 seconds .

========================================================================
Received Import Request.
  Time since last request: 0.000332 seconds.
  path: Assets/prefabs/large-new-asteroid.prefab
  artifactKey: Guid(29fc10914e091af41a6613952df76670) Importer(815301076,1909f56bfc062723c751e8b465ee728b)
Start importing Assets/prefabs/large-new-asteroid.prefab using Guid(29fc10914e091af41a6613952df76670) Importer(815301076,1909f56bfc062723c751e8b465ee728b)  -> (artifact id: '97a2d37642b7390a15f52caa45c33ffa') in 0.006515 seconds
  Import took 0.008358 seconds .

========================================================================
Received Import Request.
  Time since last request: 0.000252 seconds.
  path: Assets/prefabs/small-new-asteroid.prefab
  artifactKey: Guid(11502e142e529774cb0a20092e66685b) Importer(815301076,1909f56bfc062723c751e8b465ee728b)
Start importing Assets/prefabs/small-new-asteroid.prefab using Guid(11502e142e529774cb0a20092e66685b) Importer(815301076,1909f56bfc062723c751e8b465ee728b)  -> (artifact id: '8ef3004fca3f71e00f8f41e282314778') in 0.005489 seconds
  Import took 0.007427 seconds .

========================================================================
Received Import Request.
  Time since last request: 0.000336 seconds.
  path: Assets/prefabs/asteroid small.prefab
  artifactKey: Guid(e60f307ff43be1848b8d9ced80ff0f16) Importer(815301076,1909f56bfc062723c751e8b465ee728b)
Start importing Assets/prefabs/asteroid small.prefab using Guid(e60f307ff43be1848b8d9ced80ff0f16) Importer(815301076,1909f56bfc062723c751e8b465ee728b)  -> (artifact id: 'a795a73d8605d54335903c3af420ace7') in 0.005699 seconds
  Import took 0.007579 seconds .

========================================================================
Received Import Request.
  Time since last request: 5.731148 seconds.
  path: Assets/prefabs/Explode.prefab
  artifactKey: Guid(0a7412c398a6b7d419b8a59dd2918ba6) Importer(815301076,1909f56bfc062723c751e8b465ee728b)
Start importing Assets/prefabs/Explode.prefab using Guid(0a7412c398a6b7d419b8a59dd2918ba6) Importer(815301076,1909f56bfc062723c751e8b465ee728b)  -> (artifact id: 'e227cd809d16c0237f0c49b999e4c651') in 0.005476 seconds
  Import took 0.007321 seconds .

========================================================================
Received Import Request.
  Time since last request: 0.002533 seconds.
  path: Assets/prefabs/Explode.prefab
  artifactKey: Guid(0a7412c398a6b7d419b8a59dd2918ba6) Importer(815301076,1909f56bfc062723c751e8b465ee728b)
Start importing Assets/prefabs/Explode.prefab using Guid(0a7412c398a6b7d419b8a59dd2918ba6) Importer(815301076,1909f56bfc062723c751e8b465ee728b)  -> (artifact id: 'e227cd809d16c0237f0c49b999e4c651') in 0.002456 seconds
  Import took 0.004592 seconds .

========================================================================
Received Import Request.
  Time since last request: 71.560405 seconds.
  path: Assets/Scripts/asteroid.cs
  artifactKey: Guid(0a52951d9b3c69341ac6630a6ec140e2) Importer(815301076,1909f56bfc062723c751e8b465ee728b)
Start importing Assets/Scripts/asteroid.cs using Guid(0a52951d9b3c69341ac6630a6ec140e2) Importer(815301076,1909f56bfc062723c751e8b465ee728b)  -> (artifact id: '12bf122760e8d3d264fef76103b3a8ef') in 0.011203 seconds
  Import took 0.013468 seconds .

========================================================================
Received Import Request.
  Time since last request: 0.001232 seconds.
  path: Assets/Scripts/asteroid.cs
  artifactKey: Guid(0a52951d9b3c69341ac6630a6ec140e2) Importer(815301076,1909f56bfc062723c751e8b465ee728b)
Start importing Assets/Scripts/asteroid.cs using Guid(0a52951d9b3c69341ac6630a6ec140e2) Importer(815301076,1909f56bfc062723c751e8b465ee728b)  -> (artifact id: '12bf122760e8d3d264fef76103b3a8ef') in 0.000904 seconds
  Import took 0.002536 seconds .

========================================================================
Received Import Request.
  Time since last request: 223.524802 seconds.
  path: Assets/Scripts/asteroid.cs
  artifactKey: Guid(0a52951d9b3c69341ac6630a6ec140e2) Importer(815301076,1909f56bfc062723c751e8b465ee728b)
Start importing Assets/Scripts/asteroid.cs using Guid(0a52951d9b3c69341ac6630a6ec140e2) Importer(815301076,1909f56bfc062723c751e8b465ee728b)  -> (artifact id: '322ab880befcd8b7bf94335beafdd775') in 0.001427 seconds
  Import took 0.003873 seconds .

========================================================================
Received Prepare
Registering precompiled user dll's ...
Registered in 0.000488 seconds.
Begin MonoManager ReloadAssembly
Native extension for WindowsStandalone target not found
Refreshing native plugins compatible for Editor in 0.19 ms, found 0 plugins.
Preloading 0 native plugins for Editor in 0.00 ms.
Mono: successfully reloaded assembly
- Completed reload, in  0.774 seconds
Platform modules already initialized, skipping
Refreshing native plugins compatible for Editor in 0.34 ms, found 0 plugins.
Preloading 0 native plugins for Editor in 0.00 ms.
Unloading 1122 Unused Serialized files (Serialized files now loaded: 0)
System memory in use before: 80.4 MB.
System memory in use after: 80.5 MB.

Unloading 5 unused Assets to reduce memory usage. Loaded Objects now: 1604.
Total: 1.637700 ms (FindLiveObjects: 0.128600 ms CreateObjectMapping: 0.027600 ms MarkObjects: 1.420500 ms  DeleteObjects: 0.060400 ms)

========================================================================
Received Import Request.
  Time since last request: 3.704732 seconds.
  path: Assets/prefabs/asteroid big.prefab
  artifactKey: Guid(9d736fc6466983a43b28a458a9ebedec) Importer(815301076,1909f56bfc062723c751e8b465ee728b)
Start importing Assets/prefabs/asteroid big.prefab using Guid(9d736fc6466983a43b28a458a9ebedec) Importer(815301076,1909f56bfc062723c751e8b465ee728b)  -> (artifact id: '8ddd8ce88f6a77a17edfb5aac38689a5') in 0.047139 seconds
  Import took 0.049136 seconds .

========================================================================
Received Import Request.
  Time since last request: 0.000313 seconds.
  path: Assets/prefabs/large-new-asteroid.prefab
  artifactKey: Guid(29fc10914e091af41a6613952df76670) Importer(815301076,1909f56bfc062723c751e8b465ee728b)
Start importing Assets/prefabs/large-new-asteroid.prefab using Guid(29fc10914e091af41a6613952df76670) Importer(815301076,1909f56bfc062723c751e8b465ee728b)  -> (artifact id: 'b39a47407c7fb1cafa006f2f085ce894') in 0.006256 seconds
  Import took 0.007982 seconds .

========================================================================
Received Import Request.
  Time since last request: 12.588368 seconds.
  path: Assets/prefabs/asteroid big.prefab
  artifactKey: Guid(9d736fc6466983a43b28a458a9ebedec) Importer(815301076,1909f56bfc062723c751e8b465ee728b)
Start importing Assets/prefabs/asteroid big.prefab using Guid(9d736fc6466983a43b28a458a9ebedec) Importer(815301076,1909f56bfc062723c751e8b465ee728b)  -> (artifact id: 'fed169d05e71b74fb8092761058793dd') in 0.009789 seconds
  Import took 0.011783 seconds .

========================================================================
Received Import Request.
  Time since last request: 0.015771 seconds.
  path: Assets/prefabs/asteroid big.prefab
  artifactKey: Guid(9d736fc6466983a43b28a458a9ebedec) Importer(815301076,1909f56bfc062723c751e8b465ee728b)
Start importing Assets/prefabs/asteroid big.prefab using Guid(9d736fc6466983a43b28a458a9ebedec) Importer(815301076,1909f56bfc062723c751e8b465ee728b)  -> (artifact id: 'fed169d05e71b74fb8092761058793dd') in 0.008058 seconds
  Import took 0.010131 seconds .

========================================================================
Received Import Request.
  Time since last request: 18.221552 seconds.
  path: Assets/prefabs/asteroid small.prefab
  artifactKey: Guid(e60f307ff43be1848b8d9ced80ff0f16) Importer(815301076,1909f56bfc062723c751e8b465ee728b)
Start importing Assets/prefabs/asteroid small.prefab using Guid(e60f307ff43be1848b8d9ced80ff0f16) Importer(815301076,1909f56bfc062723c751e8b465ee728b)  -> (artifact id: '2914fe692dc48a81341c0007f2a460aa') in 0.006689 seconds
  Import took 0.009053 seconds .

========================================================================
Received Import Request.
  Time since last request: 0.015588 seconds.
  path: Assets/prefabs/asteroid small.prefab
  artifactKey: Guid(e60f307ff43be1848b8d9ced80ff0f16) Importer(815301076,1909f56bfc062723c751e8b465ee728b)
Start importing Assets/prefabs/asteroid small.prefab using Guid(e60f307ff43be1848b8d9ced80ff0f16) Importer(815301076,1909f56bfc062723c751e8b465ee728b)  -> (artifact id: '2914fe692dc48a81341c0007f2a460aa') in 0.006464 seconds
  Import took 0.008520 seconds .

========================================================================
Received Import Request.
  Time since last request: 3.728550 seconds.
  path: Assets/prefabs/asteroid small.prefab
  artifactKey: Guid(e60f307ff43be1848b8d9ced80ff0f16) Importer(815301076,1909f56bfc062723c751e8b465ee728b)
Start importing Assets/prefabs/asteroid small.prefab using Guid(e60f307ff43be1848b8d9ced80ff0f16) Importer(815301076,1909f56bfc062723c751e8b465ee728b)  -> (artifact id: 'a89471fcc2c3fb6bee42f9782c248c8a') in 0.006892 seconds
  Import took 0.009015 seconds .

========================================================================
Received Import Request.
  Time since last request: 0.015625 seconds.
  path: Assets/prefabs/asteroid small.prefab
  artifactKey: Guid(e60f307ff43be1848b8d9ced80ff0f16) Importer(815301076,1909f56bfc062723c751e8b465ee728b)
Start importing Assets/prefabs/asteroid small.prefab using Guid(e60f307ff43be1848b8d9ced80ff0f16) Importer(815301076,1909f56bfc062723c751e8b465ee728b)  -> (artifact id: 'a89471fcc2c3fb6bee42f9782c248c8a') in 0.008257 seconds
  Import took 0.011392 seconds .

========================================================================
Received Import Request.
  Time since last request: 5.776249 seconds.
  path: Assets/prefabs/large-new-asteroid.prefab
  artifactKey: Guid(29fc10914e091af41a6613952df76670) Importer(815301076,1909f56bfc062723c751e8b465ee728b)
Start importing Assets/prefabs/large-new-asteroid.prefab using Guid(29fc10914e091af41a6613952df76670) Importer(815301076,1909f56bfc062723c751e8b465ee728b)  -> (artifact id: '38ebeb091635942044d26d979029a834') in 0.006838 seconds
  Import took 0.008984 seconds .

========================================================================
Received Import Request.
  Time since last request: 0.018141 seconds.
  path: Assets/prefabs/large-new-asteroid.prefab
  artifactKey: Guid(29fc10914e091af41a6613952df76670) Importer(815301076,1909f56bfc062723c751e8b465ee728b)
Start importing Assets/prefabs/large-new-asteroid.prefab using Guid(29fc10914e091af41a6613952df76670) Importer(815301076,1909f56bfc062723c751e8b465ee728b)  -> (artifact id: '38ebeb091635942044d26d979029a834') in 0.008369 seconds
  Import took 0.011048 seconds .

========================================================================
Received Import Request.
  Time since last request: 7.201578 seconds.
  path: Assets/prefabs/small-new-asteroid.prefab
  artifactKey: Guid(11502e142e529774cb0a20092e66685b) Importer(815301076,1909f56bfc062723c751e8b465ee728b)
Start importing Assets/prefabs/small-new-asteroid.prefab using Guid(11502e142e529774cb0a20092e66685b) Importer(815301076,1909f56bfc062723c751e8b465ee728b)  -> (artifact id: '34ca2768cf019cc4706a9ecc479a9d65') in 0.006561 seconds
  Import took 0.009028 seconds .

========================================================================
Received Import Request.
  Time since last request: 0.016903 seconds.
  path: Assets/prefabs/small-new-asteroid.prefab
  artifactKey: Guid(11502e142e529774cb0a20092e66685b) Importer(815301076,1909f56bfc062723c751e8b465ee728b)
Start importing Assets/prefabs/small-new-asteroid.prefab using Guid(11502e142e529774cb0a20092e66685b) Importer(815301076,1909f56bfc062723c751e8b465ee728b)  -> (artifact id: '34ca2768cf019cc4706a9ecc479a9d65') in 0.005608 seconds
  Import took 0.007943 seconds .

========================================================================
Received Import Request.
  Time since last request: 4.344808 seconds.
  path: Assets/prefabs/small-new-asteroid.prefab
  artifactKey: Guid(11502e142e529774cb0a20092e66685b) Importer(815301076,1909f56bfc062723c751e8b465ee728b)
Start importing Assets/prefabs/small-new-asteroid.prefab using Guid(11502e142e529774cb0a20092e66685b) Importer(815301076,1909f56bfc062723c751e8b465ee728b)  -> (artifact id: '3a4f682f484d92fd1c3302cfc0e20f9d') in 0.005657 seconds
  Import took 0.007592 seconds .

========================================================================
Received Import Request.
  Time since last request: 0.016614 seconds.
  path: Assets/prefabs/small-new-asteroid.prefab
  artifactKey: Guid(11502e142e529774cb0a20092e66685b) Importer(815301076,1909f56bfc062723c751e8b465ee728b)
Start importing Assets/prefabs/small-new-asteroid.prefab using Guid(11502e142e529774cb0a20092e66685b) Importer(815301076,1909f56bfc062723c751e8b465ee728b)  -> (artifact id: '3a4f682f484d92fd1c3302cfc0e20f9d') in 0.008452 seconds
  Import took 0.011472 seconds .

========================================================================
Received Prepare
Registering precompiled user dll's ...
Registered in 0.000403 seconds.
Begin MonoManager ReloadAssembly
Native extension for WindowsStandalone target not found
Refreshing native plugins compatible for Editor in 0.18 ms, found 0 plugins.
Preloading 0 native plugins for Editor in 0.00 ms.
Mono: successfully reloaded assembly
- Completed reload, in  0.757 seconds
Platform modules already initialized, skipping
Refreshing native plugins compatible for Editor in 0.18 ms, found 0 plugins.
Preloading 0 native plugins for Editor in 0.00 ms.
Unloading 1122 Unused Serialized files (Serialized files now loaded: 0)
System memory in use before: 80.5 MB.
System memory in use after: 80.5 MB.

Unloading 5 unused Assets to reduce memory usage. Loaded Objects now: 1608.
Total: 1.586400 ms (FindLiveObjects: 0.113300 ms CreateObjectMapping: 0.030300 ms MarkObjects: 1.380800 ms  DeleteObjects: 0.061000 ms)

AssetImportWorkerClient::OnTransportError - code=2 error=End of file
